[2018-09-10 15:57:11 CST] <Thread-10>  INFO: Logging to file: F:\word\youlile\unpackage\release\H5FCCC706_0910072632.ipa_1809101557.log
[2018-09-10 15:57:11 CST] <Thread-10>  INFO: Logging configured successfully.
[2018-09-10 15:57:14 CST] <Thread-10>  INFO: iTMSTransporter : iTunes Store Transporter [1.9.8]
[2018-09-10 15:57:14 CST] <Thread-10>  INFO: OS identifier: Windows 10 10.0 (amd64); jvm=25.171-b11; jre=1.8.0_171-b11
[2018-09-10 15:57:14 CST] <Thread-10>  INFO: Memory: [JVM] 87M free, 135M total, 1794M max [System] (Physical) 3683M free, 8069M total (Swap) 7155M free, 13957M total
[2018-09-10 15:57:14 CST] <Thread-10>  INFO: Upload mode selected.
[2018-09-10 15:57:14 CST] <Thread-10>  INFO: Examining the package at: C:\Users\Shinelon\AppData\Local\Temp\au\itmsp\1427275914.itmsp
[2018-09-10 15:57:14 CST] <Thread-10>  INFO: Ensuring that package has well formed metadata file...
[2018-09-10 15:57:14 CST] <Thread-10>  INFO: Gathering the list of valid files from the package ...
[2018-09-10 15:57:14 CST] <Thread-10>  INFO: Finished gathering the list of valid files from the package.
[2018-09-10 15:57:14 CST] <Thread-10>  INFO: Verify progress: Analyzing metadata (Step 0/?)
[2018-09-10 15:57:14 CST] <Thread-10>  INFO: Performing authentication of package 1427275914.itmsp ...
[2018-09-10 15:57:14 CST] <Thread-10>  INFO: Verify progress: Analyzing metadata (Step 1/2)
[2018-09-10 15:57:14 CST] <Thread-10>  INFO: id = 20180910155714-066
[2018-09-10 15:57:17 CST] <Thread-10>  INFO: id = 20180910155717-508
[2018-09-10 15:57:22 CST] <Thread-10>  INFO: The list of files requested for upload by Apple is: [metadata.xml, 1427275914.ipa].  These are the files that will be uploaded.
[2018-09-10 15:57:22 CST] <Thread-10>  INFO: Starting media analysis of assets
[2018-09-10 15:57:22 CST] <Thread-10>  INFO: Verify progress: Adding asset to analyze: 1427275914.ipa (Step 2/3)
[2018-09-10 15:57:22 CST] <Thread-10>  INFO: Asset media analysis has completed
[2018-09-10 15:57:22 CST] <Thread-10>  INFO: id = 20180910155722-366
[2018-09-10 15:57:34 CST] <Thread-10>  INFO: Verify progress: Validating assets (Step 3/3)
[2018-09-10 15:57:34 CST] <Thread-10>  INFO: Verify progress: Validating assets (Step 4/3)
[2018-09-10 15:57:34 CST] <Thread-10>  INFO: id = 20180910155734-625
[2018-09-10 15:57:47 CST] <Thread-10>  INFO: The list of files requested for upload by Apple is: [metadata.xml, 1427275914.ipa].  These are the files that will be uploaded.
[2018-09-10 15:57:47 CST] <Thread-10>  INFO: Done performing authentication.
[2018-09-10 15:57:47 CST] <Thread-10>  INFO: The asset replacement verification check is disabled.
[2018-09-10 15:57:47 CST] <Thread-10>  INFO: Checking the file size of the files: [1427275914.ipa]
[2018-09-10 15:57:47 CST] <Thread-10>  INFO: Done checking the file sizes.
[2018-09-10 15:57:47 CST] <Thread-10>  INFO: Checking the md5 checksum of the files: [1427275914.ipa]
[2018-09-10 15:57:48 CST] <Thread-10>  INFO: Done checking the md5 checksum.
[2018-09-10 15:57:48 CST] <Thread-10>  INFO: Preparing to upload package 1427275914.itmsp ...
[2018-09-10 15:57:48 CST] <Thread-10>  INFO: Starting to upload the package's files (1427275914.itmsp) ...
[2018-09-10 15:57:48 CST] <Thread-10>  INFO: Attempting to connect to Apple's webDAV...
[2018-09-10 15:57:54 CST] <Thread-10>  INFO: Successfully connected to Apple's webDAV.
[2018-09-10 15:57:54 CST] <Thread-10>  INFO: Attempting to create the package's folder on Apple's webDAV: /5/ZHB85H39RF/uploading/1427275914-20180910005743-700.itmsp/
[2018-09-10 15:57:54 CST] <Thread-10>  INFO: Successfully created/set the package's folder on Apple's webDAV.
[2018-09-10 15:57:54 CST] <Thread-10>  INFO: Determining which files should be uploaded ...
[2018-09-10 15:57:54 CST] <Thread-10>  INFO: Finished determining which files should be uploaded.
[2018-09-10 15:57:54 CST] <Thread-10>  INFO: Computing total size of files to upload ...
[2018-09-10 15:57:54 CST] <Thread-10>  INFO: Done computing total size of files to upload.
[2018-09-10 15:57:55 CST] <Thread-10>  INFO: Starting upload of file: C:\Users\Shinelon\AppData\Local\Temp\au\itmsp\1427275914.itmsp\1427275914.ipa ...
[2018-09-10 15:58:09 CST] <Thread-10>  INFO:      File: 1427275914.ipa 10485760/28056156, 37% completed
[2018-09-10 15:58:12 CST] <Thread-10>  INFO:      File: 1427275914.ipa 20971520/28056156, 74% completed
[2018-09-10 15:58:16 CST] <Thread-10>  INFO:      File: 1427275914.ipa 28056156/28056156, 100% completed
[2018-09-10 15:58:16 CST] <Thread-10>  INFO:   Successfully uploaded file: C:\Users\Shinelon\AppData\Local\Temp\au\itmsp\1427275914.itmsp\1427275914.ipa
[2018-09-10 15:58:16 CST] <Thread-10>  INFO: Package upload progress: 99% completed
[2018-09-10 15:58:16 CST] <Thread-10>  INFO: Finished upload of file: C:\Users\Shinelon\AppData\Local\Temp\au\itmsp\1427275914.itmsp\1427275914.ipa.
[2018-09-10 15:58:16 CST] <Thread-10>  INFO: Starting upload of file: C:\Users\Shinelon\AppData\Local\Temp\au\itmsp\1427275914.itmsp\metadata.xml ...
[2018-09-10 15:58:17 CST] <Thread-10>  INFO:      File: metadata.xml 522/522, 100% completed
[2018-09-10 15:58:17 CST] <Thread-10>  INFO:   Successfully uploaded file: C:\Users\Shinelon\AppData\Local\Temp\au\itmsp\1427275914.itmsp\metadata.xml
[2018-09-10 15:58:17 CST] <Thread-10>  INFO: Package upload progress: 100% completed
[2018-09-10 15:58:17 CST] <Thread-10>  INFO: Finished upload of file: C:\Users\Shinelon\AppData\Local\Temp\au\itmsp\1427275914.itmsp\metadata.xml.
[2018-09-10 15:58:17 CST] <Thread-10>  INFO: Gathering list of uploaded files from Apple's webDAV...
[2018-09-10 15:58:18 CST] <Thread-10>  INFO: Done gathering list of uploaded files from Apple's webDAV...
[2018-09-10 15:58:18 CST] <Thread-10>  INFO: Checking if any encryption/compression files are outdated locally ...
[2018-09-10 15:58:18 CST] <Thread-10>  INFO: Finished checking if any encryption/compression files are outdated locally.
[2018-09-10 15:58:18 CST] <Thread-10>  INFO: Confirming that the previously uploaded files were uploaded correctly ...
[2018-09-10 15:58:18 CST] <Thread-10>  INFO: Finished confirming that the previously uploaded files were uploaded correctly.
[2018-09-10 15:58:18 CST] <Thread-10>  INFO: Determining which files were not uploaded ...
[2018-09-10 15:58:18 CST] <Thread-10>  INFO: Finished determining which files were not uploaded.
[2018-09-10 15:58:18 CST] <Thread-10>  INFO: Done performing upload.
[2018-09-10 15:58:18 CST] <Thread-10>  INFO: id = 20180910155818-700
[2018-09-10 15:58:20 CST] <Thread-10>  INFO: Done performing uploadDone notification to Apple.
[2018-09-10 15:58:20 CST] <Thread-10>  INFO: The package: C:\Users\Shinelon\AppData\Local\Temp\au\itmsp\1427275914.itmsp has been successfully uploaded.
[2018-09-10 15:58:20 CST] <Thread-10>  INFO: Verify progress: Operation completed (Step 3/3)



Package Summary:
 
1 packages were uploaded successfully:
	C:\Users\Shinelon\AppData\Local\Temp\au\itmsp\1427275914.itmsp
[2018-09-10 15:58:54 CST] <Thread-13> Invalid cookie header: "Set-Cookie: dqsid=eyJ0eXAiOiJKV1QiLCJhbGciOiJIUzI1NiJ9.eyJqdGkiOiJtZlRZb0g0Nm5yQlNkWnJFQ2dXY3p3In0.rXaCpJAvpsVK4P_DuEFMvZ3-xbxE0lZ3xek7uCLyFz4; Max-Age=1800; Expires=Mon, 10 Sep 2018 08:28:54 GMT; Path=/; Secure; HTTPOnly". Invalid 'expires' attribute: Mon, 10 Sep 2018 08:28:54 GMT
[2018-09-10 15:58:54 CST] <Thread-13> list apps success
